SonarQube plugins:
  - Python Code Quality and Security 3.5.0.8244 (python)
  - CSS Code Quality and Security 1.4.2.2002 (cssfamily)
  - Go Code Quality and Security 1.8.3.2219 (go)
  - JaCoCo 1.1.1.1157 (jacoco)
  - Kotlin Code Quality and Security 2.0.1.110 (kotlin)
  - JavaScript/TypeScript Code Quality and Security 8.1.0.15788 (javascript)
  - Ruby Code Quality and Security 1.8.3.2219 (ruby)
  - Scala Code Quality and Security 1.8.3.2219 (sonarscala)
  - C# Code Quality and Security 8.25.0.33663 (csharp)
  - Java Code Quality and Security 7.1.0.26670 (java)
  - HTML Code Quality and Security 3.4.0.2754 (web)
  - Flex Code Quality and Security 2.6.2.2641 (flex)
  - XML Code Quality and Security 2.2.0.2973 (xml)
  - PHP Code Quality and Security 3.17.0.7439 (php)
  - VB.NET Code Quality and Security 8.25.0.33663 (vbnet)
Global server settings:
  - sonar.core.id=BF41A1F2-AXuEkEnYnN881YfGUfUh
  - sonar.core.startTime=2021-08-26T22:24:12+0000
  - sonar.forceAuthentication=true
Project server settings:
Project scanner properties:
  - sonar.binaries=/Users/bertinjunior/Documents/MavenPoj/target/classes
  - sonar.groovy.binaries=/Users/bertinjunior/Documents/MavenPoj/target/classes
  - sonar.host.url=http://localhost:9000
  - sonar.java.binaries=/Users/bertinjunior/Documents/MavenPoj/target/classes
  - sonar.java.jdkHome=/Library/Java/JavaVirtualMachines/jdk-11.0.11.jdk/Contents/Home
  - sonar.java.source=1.8
  - sonar.java.target=1.8
  - sonar.java.test.binaries=/Users/bertinjunior/Documents/MavenPoj/target/test-classes
  - sonar.java.test.libraries=/Users/bertinjunior/Documents/MavenPoj/target/classes,/Users/bertinjunior/.m2/repository/junit/junit/4.13.2/junit-4.13.2.jar,/Users/bertinjunior/.m2/repository/org/hamcrest/hamcrest-core/1.3/hamcrest-core-1.3.jar
  - sonar.junit.reportPaths=/Users/bertinjunior/Documents/MavenPoj/target/surefire-reports
  - sonar.junit.reportsPath=/Users/bertinjunior/Documents/MavenPoj/target/surefire-reports
  - sonar.links.ci=
  - sonar.links.homepage=
  - sonar.links.issue=
  - sonar.links.scm=
  - sonar.links.scm_dev=
  - sonar.login=******
  - sonar.moduleKey=mavenJenkins:de.bertin.learns.jenkins:MavenJenkins
  - sonar.projectBaseDir=/Users/bertinjunior/Documents/MavenPoj
  - sonar.projectBuildDir=/Users/bertinjunior/Documents/MavenPoj/target
  - sonar.projectKey=mavenJenkins
  - sonar.projectName=MavenJenkins
  - sonar.projectVersion=1.0-SNAPSHOT
  - sonar.scanner.app=ScannerMaven
  - sonar.scanner.appVersion=3.9.0.2155/3.8.2
  - sonar.sourceEncoding=UTF-8
  - sonar.sources=/Users/bertinjunior/Documents/MavenPoj/pom.xml,/Users/bertinjunior/Documents/MavenPoj/src/main/java
  - sonar.tests=/Users/bertinjunior/Documents/MavenPoj/src/test/java
  - sonar.verbose=true
  - sonar.working.directory=/Users/bertinjunior/Documents/MavenPoj/target/sonar
